<?xml version="1.0" encoding="UTF-8"?>
<!-- Generated by org.testng.reporters.JUnitXMLReporter -->
<testsuite ignored="0" hostname="DESKTOP-RO7LUG0" failures="1" tests="1" name="Registration" time="28.006" errors="0" timestamp="2023-08-15T10:45:05 IST">
  <testcase classname="frontEndTesting.RegistrationTest" name="registerUser" time="8.049">
    <failure type="java.lang.AssertionError" message="expected [http://localhost:4200/login] but found [http://localhost:4200/register/userRegistration]">
      <![CDATA[java.lang.AssertionError: expected [http://localhost:4200/login] but found [http://localhost:4200/register/userRegistration]
at frontEndTesting.RegistrationTest.registerUser(RegistrationTest.java:61)
at java.base/java.util.ArrayList.forEach(ArrayList.java:1511)
... Removed 30 stack frames]]>
    </failure>
  </testcase> <!-- registerUser -->
</testsuite> <!-- Registration -->
