<?xml version="1.0" encoding="UTF-8"?>
<!-- Generated by org.testng.reporters.JUnitXMLReporter -->
<testsuite ignored="0" hostname="DESKTOP-RO7LUG0" failures="0" tests="3" name="TransferFundTest" time="25.768" errors="0" timestamp="2023-08-15T10:46:49 IST">
  <testcase classname="frontEndTesting.TransferFundTest" name="transferFund" time="6.804"/>
  <testcase classname="frontEndTesting.TransferFundTest" name="transferFundGreaterThanBalance" time="4.194"/>
  <testcase classname="frontEndTesting.TransferFundTest" name="transferFundWithIncorrectAccountNumber" time="4.11"/>
</testsuite> <!-- TransferFundTest -->
